[+] Containers:
 |- [+] Container: /Game/ThirdPerson/Maps/ThirdPersonMap
 |   |- [+] ActorDescs:
 |   |   |- Guid:016C40654ABD7E31EAEE4F9E8083A7BD BaseClass:/Game/Actors/ElectricWater.ElectricWater_C NativeClass:/Script/Engine.Actor Name:ElectricWater_C_UAID_2CF05DA182410DE401_1135872223 Label:ElectricWater SpatiallyLoaded:1 Bounds:IsValid=true, Min=(X=1720.000 Y=-20.000 Z=0.000), Max=(X=4220.000 Y=3480.000 Z=20.000) RuntimeGrid:None EditorOnly:0 RuntimeOnly:0 HLODRelevant:0 ListedInSceneOutliner:1 IsMainWorldOnly:0
 |   |   |- Guid:0907928A4FEC7A1CF0F732B24185A4B8 BaseClass: NativeClass:/Script/Engine.StaticMeshActor Name:StaticMeshActor_UAID_2CF05DA18241F7E301_2031435343 Label:SM_Cube7 SpatiallyLoaded:1 Bounds:IsValid=true, Min=(X=9890.000 Y=110.000 Z=0.000), Max=(X=9990.000 Y=3410.000 Z=400.000) RuntimeGrid:None EditorOnly:0 RuntimeOnly:0 HLODRelevant:1 ListedInSceneOutliner:1 IsMainWorldOnly:0 FolderPath:Playground FolderGuid:C73F09FC4215536B1DCE2A9E0A830C70
 |   |   |- Guid:0D3663194EE76E8FD7591EB1EEF86562 BaseClass:/Game/3D_Objects/Wrench/FbxScene_wrench.FbxScene_wrench_C NativeClass:/Script/Engine.Actor Name:FbxScene_wrench_C_UAID_2CF05DA182410FE401_1194948578 Label:FbxScene_wrench SpatiallyLoaded:1 Bounds:IsValid=true, Min=(X=2710.000 Y=3090.000 Z=162.446), Max=(X=2790.000 Y=3170.000 Z=257.417) RuntimeGrid:None EditorOnly:0 RuntimeOnly:0 HLODRelevant:0 ListedInSceneOutliner:1 IsMainWorldOnly:0
 |   |   |- Guid:1986D72341326B236CDB42A2968F57C8 BaseClass:/Game/Lights/BP_Level2_Lights_Button.BP_Level2_Lights_Button_C NativeClass:/Script/Engine.Actor Name:BP_Level2_Lights_Button_C_UAID_2CF05DA1824116E301_1892372755 Label:BP_Level2_Lights_Button2 SpatiallyLoaded:1 Bounds:IsValid=true, Min=(X=5881.948 Y=1700.000 Z=2.452), Max=(X=6081.948 Y=1900.000 Z=22.452) RuntimeGrid:None EditorOnly:0 RuntimeOnly:0 HLODRelevant:1 ListedInSceneOutliner:1 IsMainWorldOnly:0 FolderPath:Lights FolderGuid:32DFDA6E46BE433DC92F9C866681F8E6
 |   |   |- Guid:1A982B9C408A675307303FB8198316BC BaseClass:/Game/Lights/BP_Level2_Lights_Button.BP_Level2_Lights_Button_C NativeClass:/Script/Engine.Actor Name:BP_Level2_Lights_Button_C_UAID_2CF05DA1824116E301_1847523754 Label:BP_Level2_Lights_Button SpatiallyLoaded:1 Bounds:IsValid=true, Min=(X=5881.948 Y=1400.000 Z=2.452), Max=(X=6081.948 Y=1600.000 Z=22.452) RuntimeGrid:None EditorOnly:0 RuntimeOnly:0 HLODRelevant:1 ListedInSceneOutliner:1 IsMainWorldOnly:0 FolderPath:Lights FolderGuid:32DFDA6E46BE433DC92F9C866681F8E6
 |   |   |- Guid:2FB58999456391D349DC0F86DAC136ED BaseClass: NativeClass:/Script/Engine.SkyLight Name:SkyLight_1 Label:SkyLight SpatiallyLoaded:0 Bounds:IsValid=true, Min=(X=0.000 Y=0.000 Z=690.000), Max=(X=0.000 Y=0.000 Z=690.000) RuntimeGrid:None EditorOnly:0 RuntimeOnly:0 HLODRelevant:0 ListedInSceneOutliner:1 IsMainWorldOnly:0 FolderPath:Lighting FolderGuid:963EC3EB4002CCE9759E2EBA541A873A
 |   |   |- Guid:316CF2A6494ACA4C0E4180A87D36AB8F BaseClass: NativeClass:/Script/Engine.ExponentialHeightFog Name:ExponentialHeightFog_0 Label:ExponentialHeightFog SpatiallyLoaded:0 Bounds:IsValid=true, Min=(X=-5600.000 Y=-50.000 Z=-6850.000), Max=(X=-5600.000 Y=-50.000 Z=-6850.000) RuntimeGrid:None EditorOnly:0 RuntimeOnly:0 HLODRelevant:0 ListedInSceneOutliner:1 IsMainWorldOnly:0 FolderPath:Lighting FolderGuid:963EC3EB4002CCE9759E2EBA541A873A
 |   |   |- Guid:3A00AA1C422CE54C0BDB60BAF471BFBB BaseClass: NativeClass:/Script/Engine.PlayerStart Name:PlayerStart_0 Label:PlayerStart SpatiallyLoaded:0 Bounds:IsValid=true, Min=(X=8289.198 Y=646.592 Z=218.269), Max=(X=8369.198 Y=726.592 Z=402.269) RuntimeGrid:None EditorOnly:0 RuntimeOnly:0 HLODRelevant:0 ListedInSceneOutliner:1 IsMainWorldOnly:0
 |   |   |- Guid:3B1D7DEB42016B12FE23CF86D2BF15A8 BaseClass: NativeClass:/Script/Engine.Actor Name:Actor_UAID_2CF05DA182410FE401_1852848579 Label:Actor SpatiallyLoaded:1 Bounds:IsValid=true, Min=(X=1770.000 Y=290.000 Z=80.000), Max=(X=3140.000 Y=3260.000 Z=190.000) RuntimeGrid:None EditorOnly:0 RuntimeOnly:0 HLODRelevant:0 ListedInSceneOutliner:1 IsMainWorldOnly:0
 |   |   |- Guid:4D3BE93F4146AAAC8BBE79999D96D57F BaseClass: NativeClass:/Script/Engine.VolumetricCloud Name:VolumetricCloud_0 Label:VolumetricCloud SpatiallyLoaded:0 Bounds:IsValid=true, Min=(X=0.000 Y=0.000 Z=820.000), Max=(X=0.000 Y=0.000 Z=820.000) RuntimeGrid:None EditorOnly:0 RuntimeOnly:0 HLODRelevant:0 ListedInSceneOutliner:1 IsMainWorldOnly:0 FolderPath:Lighting FolderGuid:963EC3EB4002CCE9759E2EBA541A873A
 |   |   |- Guid:4E0776D848878672550C079642D0B44C BaseClass: NativeClass:/Script/Engine.StaticMeshActor Name:StaticMeshActor_UAID_5081404E096030E601_1383763487 Label:SkeeBallMachine SpatiallyLoaded:1 Bounds:IsValid=true, Min=(X=8200.000 Y=100.000 Z=-0.180), Max=(X=8434.050 Y=1340.000 Z=630.000) RuntimeGrid:None EditorOnly:0 RuntimeOnly:0 HLODRelevant:0 ListedInSceneOutliner:1 IsMainWorldOnly:0 FolderPath:Level 3 FolderGuid:5F7442D74F95AEDED2444EB056CB5A78
 |   |   |- Guid:5B97F4A64FB21F77EFC44386BF705B4C BaseClass: NativeClass:/Script/Engine.TextRenderActor Name:TextRenderActor_1 Label:TextRenderActor SpatiallyLoaded:1 Bounds:IsValid=true, Min=(X=-0.100 Y=1100.000 Z=65.013), Max=(X=-0.100 Y=2392.308 Z=215.013) RuntimeGrid:None EditorOnly:0 RuntimeOnly:0 HLODRelevant:0 ListedInSceneOutliner:1 IsMainWorldOnly:0
 |   |   |- Guid:639567EC467A0A429FAC8780672C788C BaseClass:/Game/Lights/BP_Level2_Lights_Button.BP_Level2_Lights_Button_C NativeClass:/Script/Engine.Actor Name:BP_Level2_Lights_Button_C_UAID_2CF05DA1824116E301_1908556762 Label:BP_Level2_Lights_Button9 SpatiallyLoaded:1 Bounds:IsValid=true, Min=(X=5300.456 Y=2000.000 Z=-4.791), Max=(X=5500.456 Y=2200.000 Z=15.209) RuntimeGrid:None EditorOnly:0 RuntimeOnly:0 HLODRelevant:1 ListedInSceneOutliner:1 IsMainWorldOnly:0 FolderPath:Lights FolderGuid:32DFDA6E46BE433DC92F9C866681F8E6
 |   |   |- Guid:6ABA415F42B3A296E7D513978C50D4CB BaseClass: NativeClass:/Script/Engine.StaticMeshActor Name:StaticMeshActor_UAID_5081404E096077E601_2133040984 Label:BallBin SpatiallyLoaded:1 Bounds:IsValid=true, Min=(X=8032.632 Y=1213.255 Z=-25.000), Max=(X=8365.000 Y=1725.000 Z=265.000) RuntimeGrid:None EditorOnly:0 RuntimeOnly:0 HLODRelevant:1 ListedInSceneOutliner:1 IsMainWorldOnly:0 FolderPath:Level 3 FolderGuid:5F7442D74F95AEDED2444EB056CB5A78
 |   |   |- Guid:6BAF4DDD444C60371492D3919DB42C97 BaseClass: NativeClass:/Script/Engine.WorldDataLayers Name:WorldDataLayers Label:WorldDataLayers SpatiallyLoaded:0 Bounds:IsValid=true, Min=(X=0.000 Y=0.000 Z=0.000), Max=(X=0.000 Y=0.000 Z=0.000) RuntimeGrid:None EditorOnly:0 RuntimeOnly:0 HLODRelevant:0 ListedInSceneOutliner:1 IsMainWorldOnly:1
 |   |   |- Guid:704C2AB64EEDF466388BABB34D456486 BaseClass:/Game/Lights/BP_Level2_Lights_Button.BP_Level2_Lights_Button_C NativeClass:/Script/Engine.Actor Name:BP_Level2_Lights_Button_C_UAID_2CF05DA1824116E301_1906267761 Label:BP_Level2_Lights_Button8 SpatiallyLoaded:1 Bounds:IsValid=true, Min=(X=5300.456 Y=1700.000 Z=-4.791), Max=(X=5500.456 Y=1900.000 Z=15.209) RuntimeGrid:None EditorOnly:0 RuntimeOnly:0 HLODRelevant:1 ListedInSceneOutliner:1 IsMainWorldOnly:0 FolderPath:Lights FolderGuid:32DFDA6E46BE433DC92F9C866681F8E6
 |   |   |- Guid:75FEBED84B8CD830F436F2B520882766 BaseClass: NativeClass:/Script/Engine.StaticMeshActor Name:StaticMeshActor_UAID_2CF05DA18241F7E301_2055355344 Label:SM_Cube8 SpatiallyLoaded:1 Bounds:IsValid=true, Min=(X=6490.000 Y=110.000 Z=0.000), Max=(X=6590.000 Y=3410.000 Z=400.000) RuntimeGrid:None EditorOnly:0 RuntimeOnly:0 HLODRelevant:1 ListedInSceneOutliner:1 IsMainWorldOnly:0 FolderPath:Playground FolderGuid:C73F09FC4215536B1DCE2A9E0A830C70
 |   |   |- Guid:95FB73B14080CCD58CB358A68FDBE313 BaseClass:/Game/Lights/BP_Level2_Lights_Button.BP_Level2_Lights_Button_C NativeClass:/Script/Engine.Actor Name:BP_Level2_Lights_Button_C_UAID_2CF05DA1824116E301_1895567756 Label:BP_Level2_Lights_Button3 SpatiallyLoaded:1 Bounds:IsValid=true, Min=(X=5881.948 Y=1990.000 Z=2.452), Max=(X=6081.948 Y=2190.000 Z=22.452) RuntimeGrid:None EditorOnly:0 RuntimeOnly:0 HLODRelevant:1 ListedInSceneOutliner:1 IsMainWorldOnly:0 FolderPath:Lights FolderGuid:32DFDA6E46BE433DC92F9C866681F8E6
 |   |   |- Guid:9AC9A6034A361E978907DCB6306C26D1 BaseClass:/Game/3D_Objects/ElectricBox/FbxScene_electricbox.FbxScene_electricbox_C NativeClass:/Script/Engine.Actor Name:FbxScene_electricbox_C_UAID_2CF05DA182410EE401_2086344401 Label:FbxScene_electricbox SpatiallyLoaded:1 Bounds:IsValid=true, Min=(X=2951.985 Y=94.272 Z=170.671), Max=(X=3043.775 Y=184.272 Z=260.671) RuntimeGrid:None EditorOnly:0 RuntimeOnly:0 HLODRelevant:1 ListedInSceneOutliner:1 IsMainWorldOnly:0
 |   |   |- Guid:A56216954B2165CF0F35A886B537D536 BaseClass: NativeClass:/Script/Engine.StaticMeshActor Name:StaticMeshActor_0 Label:SM_Cube5 SpatiallyLoaded:1 Bounds:IsValid=true, Min=(X=-0.000 Y=100.000 Z=0.000), Max=(X=100.000 Y=3400.000 Z=400.000) RuntimeGrid:None EditorOnly:0 RuntimeOnly:0 HLODRelevant:1 ListedInSceneOutliner:1 IsMainWorldOnly:0 FolderPath:Playground FolderGuid:C73F09FC4215536B1DCE2A9E0A830C70
 |   |   |- Guid:B785ED2844B84CFB91E7F39FE661CD99 BaseClass: NativeClass:/Script/Engine.DirectionalLight Name:DirectionalLight_0 Label:DirectionalLight SpatiallyLoaded:0 Bounds:IsValid=true, Min=(X=-1048576.000 Y=-1048576.000 Z=-1048576.000), Max=(X=1048576.000 Y=1048576.000 Z=1048576.000) RuntimeGrid:None EditorOnly:0 RuntimeOnly:0 HLODRelevant:0 ListedInSceneOutliner:1 IsMainWorldOnly:0 FolderPath:Lighting FolderGuid:963EC3EB4002CCE9759E2EBA541A873A
 |   |   |- Guid:BC08B79C4EA3C961CFF75EBBE83B367D BaseClass: NativeClass:/Script/Engine.StaticMeshActor Name:StaticMeshActor_5 Label:SM_Cube2 SpatiallyLoaded:1 Bounds:IsValid=true, Min=(X=0.000 Y=0.000 Z=0.000), Max=(X=10000.000 Y=100.000 Z=400.000) RuntimeGrid:None EditorOnly:0 RuntimeOnly:0 HLODRelevant:1 ListedInSceneOutliner:1 IsMainWorldOnly:0 FolderPath:Playground FolderGuid:C73F09FC4215536B1DCE2A9E0A830C70
 |   |   |- Guid:C04622644D055A8047BFBD98949333DB BaseClass:/Game/Lights/BP_Level2_Lights_Brain.BP_Level2_Lights_Brain_C NativeClass:/Script/Engine.Actor Name:BP_Level2_Lights_Brain_C_UAID_2CF05DA1824117E301_1405393939 Label:BP_Level2_Lights_Brain SpatiallyLoaded:1 Bounds:IsValid=true, Min=(X=5979.544 Y=1850.000 Z=4.791), Max=(X=5979.544 Y=1850.000 Z=4.791) RuntimeGrid:None EditorOnly:0 RuntimeOnly:0 HLODRelevant:0 ListedInSceneOutliner:1 IsMainWorldOnly:0 FolderPath:Lights FolderGuid:32DFDA6E46BE433DC92F9C866681F8E6
 |   |   |- Guid:CCFF262C46EEFFDF319E7F9539CE697E BaseClass: NativeClass:/Script/Engine.SkyAtmosphere Name:SkyAtmosphere_0 Label:SkyAtmosphere SpatiallyLoaded:0 Bounds:IsValid=true, Min=(X=0.000 Y=0.000 Z=1020.000), Max=(X=0.000 Y=0.000 Z=1020.000) RuntimeGrid:None EditorOnly:0 RuntimeOnly:0 HLODRelevant:0 ListedInSceneOutliner:1 IsMainWorldOnly:0 FolderPath:Lighting FolderGuid:963EC3EB4002CCE9759E2EBA541A873A
 |   |   |- Guid:D55F06FB40ACB507FA3DC8B4134A4070 BaseClass: NativeClass:/Script/Engine.StaticMeshActor Name:StaticMeshActor_UAID_5081404E096036E601_2119355544 Label:Sphere SpatiallyLoaded:1 Bounds:IsValid=true, Min=(X=8309.560 Y=232.763 Z=274.140), Max=(X=8319.675 Y=242.897 Z=284.188) RuntimeGrid:None EditorOnly:0 RuntimeOnly:0 HLODRelevant:0 ListedInSceneOutliner:1 IsMainWorldOnly:0 FolderPath:Level 3 FolderGuid:5F7442D74F95AEDED2444EB056CB5A78
 |   |   |- Guid:D63FDDA24CE9FDAE3D0BBC94121A69B8 BaseClass:/Game/Lights/BP_Level2_Lights_Button.BP_Level2_Lights_Button_C NativeClass:/Script/Engine.Actor Name:BP_Level2_Lights_Button_C_UAID_2CF05DA1824116E301_1903483759 Label:BP_Level2_Lights_Button6 SpatiallyLoaded:1 Bounds:IsValid=true, Min=(X=5585.594 Y=1990.000 Z=0.777), Max=(X=5785.594 Y=2190.000 Z=20.777) RuntimeGrid:None EditorOnly:0 RuntimeOnly:0 HLODRelevant:1 ListedInSceneOutliner:1 IsMainWorldOnly:0 FolderPath:Lights FolderGuid:32DFDA6E46BE433DC92F9C866681F8E6
 |   |   |- Guid:DBE3FBA4438083745EB987BB6969CB30 BaseClass:/Game/Lights/BP_Level2_Lights_Button.BP_Level2_Lights_Button_C NativeClass:/Script/Engine.Actor Name:BP_Level2_Lights_Button_C_UAID_2CF05DA1824116E301_1904832760 Label:BP_Level2_Lights_Button7 SpatiallyLoaded:1 Bounds:IsValid=true, Min=(X=5300.000 Y=1400.000 Z=0.419), Max=(X=5500.000 Y=1600.000 Z=20.419) RuntimeGrid:None EditorOnly:0 RuntimeOnly:0 HLODRelevant:1 ListedInSceneOutliner:1 IsMainWorldOnly:0 FolderPath:Lights FolderGuid:32DFDA6E46BE433DC92F9C866681F8E6
 |   |   |- Guid:DFE39EDB46A6FE5A286B47B6C42C5BBD BaseClass:/Game/Lights/BP_Level2_Lights_Button.BP_Level2_Lights_Button_C NativeClass:/Script/Engine.Actor Name:BP_Level2_Lights_Button_C_UAID_2CF05DA1824116E301_1901563758 Label:BP_Level2_Lights_Button5 SpatiallyLoaded:1 Bounds:IsValid=true, Min=(X=5585.594 Y=1700.000 Z=0.777), Max=(X=5785.594 Y=1900.000 Z=20.777) RuntimeGrid:None EditorOnly:0 RuntimeOnly:0 HLODRelevant:1 ListedInSceneOutliner:1 IsMainWorldOnly:0 FolderPath:Lights FolderGuid:32DFDA6E46BE433DC92F9C866681F8E6
 |   |   |- Guid:EC4E0C944CE6AC6E784BC6BB2916EA13 BaseClass: NativeClass:/Script/Engine.StaticMeshActor Name:StaticMeshActor_UAID_A4AE111137DC5EFB00_1110535423 Label:SM_SkySphere SpatiallyLoaded:0 Bounds:IsValid=true, Min=(X=-1638400.000 Y=-1638400.000 Z=-1638400.000), Max=(X=1638400.000 Y=1638400.000 Z=1638400.000) RuntimeGrid:None EditorOnly:0 RuntimeOnly:0 HLODRelevant:1 ListedInSceneOutliner:1 IsMainWorldOnly:0 FolderPath:Lighting FolderGuid:963EC3EB4002CCE9759E2EBA541A873A
 |   |   |- Guid:F1924B8D48954B30891B2DB6A694F9CC BaseClass: NativeClass:/Script/Engine.StaticMeshActor Name:StaticMeshActor_1 Label:SM_Cube SpatiallyLoaded:1 Bounds:IsValid=true, Min=(X=0.000 Y=0.000 Z=-50.000), Max=(X=10000.000 Y=3500.000 Z=0.000) RuntimeGrid:None EditorOnly:0 RuntimeOnly:0 HLODRelevant:1 ListedInSceneOutliner:1 IsMainWorldOnly:0 FolderPath:Playground FolderGuid:C73F09FC4215536B1DCE2A9E0A830C70
 |   |   |- Guid:F5E3FEB3450C49844FD93DA8E083C8AD BaseClass: NativeClass:/Script/Engine.PostProcessVolume Name:PostProcessVolume_0 Label:PostProcessVolume SpatiallyLoaded:0 Bounds:IsValid=true, Min=(X=0.000 Y=0.000 Z=400.000), Max=(X=200.000 Y=200.000 Z=600.000) RuntimeGrid:None EditorOnly:0 RuntimeOnly:0 HLODRelevant:0 ListedInSceneOutliner:1 IsMainWorldOnly:0 FolderPath:Lighting FolderGuid:963EC3EB4002CCE9759E2EBA541A873A
 |   |   |- Guid:F941539041A05512D5A683953F8FD136 BaseClass:/Game/Lights/BP_Level2_Lights_Button.BP_Level2_Lights_Button_C NativeClass:/Script/Engine.Actor Name:BP_Level2_Lights_Button_C_UAID_2CF05DA1824116E301_1899080757 Label:BP_Level2_Lights_Button4 SpatiallyLoaded:1 Bounds:IsValid=true, Min=(X=5595.898 Y=1400.000 Z=-2.696), Max=(X=5795.898 Y=1600.000 Z=17.304) RuntimeGrid:None EditorOnly:0 RuntimeOnly:0 HLODRelevant:1 ListedInSceneOutliner:1 IsMainWorldOnly:0 FolderPath:Lights FolderGuid:32DFDA6E46BE433DC92F9C866681F8E6
 |   |   |- Guid:FF698C67459ADB4982D7759C0905EE9F BaseClass: NativeClass:/Script/Engine.StaticMeshActor Name:StaticMeshActor_6 Label:SM_Cube3 SpatiallyLoaded:1 Bounds:IsValid=true, Min=(X=0.000 Y=3400.000 Z=0.000), Max=(X=10000.000 Y=3500.000 Z=400.000) RuntimeGrid:None EditorOnly:0 RuntimeOnly:0 HLODRelevant:1 ListedInSceneOutliner:1 IsMainWorldOnly:0 FolderPath:Playground FolderGuid:C73F09FC4215536B1DCE2A9E0A830C70
 |   |- [+] Clusters:
 |   |   |- [+] [  0]
 |   |   |   |- Guid:016C40654ABD7E31EAEE4F9E8083A7BD BaseClass:/Game/Actors/ElectricWater.ElectricWater_C NativeClass:/Script/Engine.Actor Name:ElectricWater_C_UAID_2CF05DA182410DE401_1135872223 Label:ElectricWater SpatiallyLoaded:1 Bounds:IsValid=true, Min=(X=1720.000 Y=-20.000 Z=0.000), Max=(X=4220.000 Y=3480.000 Z=20.000) RuntimeGrid:None EditorOnly:0 RuntimeOnly:0 HLODRelevant:0 ListedInSceneOutliner:1 IsMainWorldOnly:0
 |   |   |- [+] [  1]
 |   |   |   |- Guid:0907928A4FEC7A1CF0F732B24185A4B8 BaseClass: NativeClass:/Script/Engine.StaticMeshActor Name:StaticMeshActor_UAID_2CF05DA18241F7E301_2031435343 Label:SM_Cube7 SpatiallyLoaded:1 Bounds:IsValid=true, Min=(X=9890.000 Y=110.000 Z=0.000), Max=(X=9990.000 Y=3410.000 Z=400.000) RuntimeGrid:None EditorOnly:0 RuntimeOnly:0 HLODRelevant:1 ListedInSceneOutliner:1 IsMainWorldOnly:0 FolderPath:Playground FolderGuid:C73F09FC4215536B1DCE2A9E0A830C70
 |   |   |- [+] [  2]
 |   |   |   |- Guid:0D3663194EE76E8FD7591EB1EEF86562 BaseClass:/Game/3D_Objects/Wrench/FbxScene_wrench.FbxScene_wrench_C NativeClass:/Script/Engine.Actor Name:FbxScene_wrench_C_UAID_2CF05DA182410FE401_1194948578 Label:FbxScene_wrench SpatiallyLoaded:1 Bounds:IsValid=true, Min=(X=2710.000 Y=3090.000 Z=162.446), Max=(X=2790.000 Y=3170.000 Z=257.417) RuntimeGrid:None EditorOnly:0 RuntimeOnly:0 HLODRelevant:0 ListedInSceneOutliner:1 IsMainWorldOnly:0
 |   |   |- [+] [  3]
 |   |   |   |- Guid:1986D72341326B236CDB42A2968F57C8 BaseClass:/Game/Lights/BP_Level2_Lights_Button.BP_Level2_Lights_Button_C NativeClass:/Script/Engine.Actor Name:BP_Level2_Lights_Button_C_UAID_2CF05DA1824116E301_1892372755 Label:BP_Level2_Lights_Button2 SpatiallyLoaded:1 Bounds:IsValid=true, Min=(X=5881.948 Y=1700.000 Z=2.452), Max=(X=6081.948 Y=1900.000 Z=22.452) RuntimeGrid:None EditorOnly:0 RuntimeOnly:0 HLODRelevant:1 ListedInSceneOutliner:1 IsMainWorldOnly:0 FolderPath:Lights FolderGuid:32DFDA6E46BE433DC92F9C866681F8E6
 |   |   |   |- Guid:1A982B9C408A675307303FB8198316BC BaseClass:/Game/Lights/BP_Level2_Lights_Button.BP_Level2_Lights_Button_C NativeClass:/Script/Engine.Actor Name:BP_Level2_Lights_Button_C_UAID_2CF05DA1824116E301_1847523754 Label:BP_Level2_Lights_Button SpatiallyLoaded:1 Bounds:IsValid=true, Min=(X=5881.948 Y=1400.000 Z=2.452), Max=(X=6081.948 Y=1600.000 Z=22.452) RuntimeGrid:None EditorOnly:0 RuntimeOnly:0 HLODRelevant:1 ListedInSceneOutliner:1 IsMainWorldOnly:0 FolderPath:Lights FolderGuid:32DFDA6E46BE433DC92F9C866681F8E6
 |   |   |   |- Guid:639567EC467A0A429FAC8780672C788C BaseClass:/Game/Lights/BP_Level2_Lights_Button.BP_Level2_Lights_Button_C NativeClass:/Script/Engine.Actor Name:BP_Level2_Lights_Button_C_UAID_2CF05DA1824116E301_1908556762 Label:BP_Level2_Lights_Button9 SpatiallyLoaded:1 Bounds:IsValid=true, Min=(X=5300.456 Y=2000.000 Z=-4.791), Max=(X=5500.456 Y=2200.000 Z=15.209) RuntimeGrid:None EditorOnly:0 RuntimeOnly:0 HLODRelevant:1 ListedInSceneOutliner:1 IsMainWorldOnly:0 FolderPath:Lights FolderGuid:32DFDA6E46BE433DC92F9C866681F8E6
 |   |   |   |- Guid:704C2AB64EEDF466388BABB34D456486 BaseClass:/Game/Lights/BP_Level2_Lights_Button.BP_Level2_Lights_Button_C NativeClass:/Script/Engine.Actor Name:BP_Level2_Lights_Button_C_UAID_2CF05DA1824116E301_1906267761 Label:BP_Level2_Lights_Button8 SpatiallyLoaded:1 Bounds:IsValid=true, Min=(X=5300.456 Y=1700.000 Z=-4.791), Max=(X=5500.456 Y=1900.000 Z=15.209) RuntimeGrid:None EditorOnly:0 RuntimeOnly:0 HLODRelevant:1 ListedInSceneOutliner:1 IsMainWorldOnly:0 FolderPath:Lights FolderGuid:32DFDA6E46BE433DC92F9C866681F8E6
 |   |   |   |- Guid:75FEBED84B8CD830F436F2B520882766 BaseClass: NativeClass:/Script/Engine.StaticMeshActor Name:StaticMeshActor_UAID_2CF05DA18241F7E301_2055355344 Label:SM_Cube8 SpatiallyLoaded:1 Bounds:IsValid=true, Min=(X=6490.000 Y=110.000 Z=0.000), Max=(X=6590.000 Y=3410.000 Z=400.000) RuntimeGrid:None EditorOnly:0 RuntimeOnly:0 HLODRelevant:1 ListedInSceneOutliner:1 IsMainWorldOnly:0 FolderPath:Playground FolderGuid:C73F09FC4215536B1DCE2A9E0A830C70
 |   |   |   |- Guid:95FB73B14080CCD58CB358A68FDBE313 BaseClass:/Game/Lights/BP_Level2_Lights_Button.BP_Level2_Lights_Button_C NativeClass:/Script/Engine.Actor Name:BP_Level2_Lights_Button_C_UAID_2CF05DA1824116E301_1895567756 Label:BP_Level2_Lights_Button3 SpatiallyLoaded:1 Bounds:IsValid=true, Min=(X=5881.948 Y=1990.000 Z=2.452), Max=(X=6081.948 Y=2190.000 Z=22.452) RuntimeGrid:None EditorOnly:0 RuntimeOnly:0 HLODRelevant:1 ListedInSceneOutliner:1 IsMainWorldOnly:0 FolderPath:Lights FolderGuid:32DFDA6E46BE433DC92F9C866681F8E6
 |   |   |   |- Guid:C04622644D055A8047BFBD98949333DB BaseClass:/Game/Lights/BP_Level2_Lights_Brain.BP_Level2_Lights_Brain_C NativeClass:/Script/Engine.Actor Name:BP_Level2_Lights_Brain_C_UAID_2CF05DA1824117E301_1405393939 Label:BP_Level2_Lights_Brain SpatiallyLoaded:1 Bounds:IsValid=true, Min=(X=5979.544 Y=1850.000 Z=4.791), Max=(X=5979.544 Y=1850.000 Z=4.791) RuntimeGrid:None EditorOnly:0 RuntimeOnly:0 HLODRelevant:0 ListedInSceneOutliner:1 IsMainWorldOnly:0 FolderPath:Lights FolderGuid:32DFDA6E46BE433DC92F9C866681F8E6
 |   |   |   |- Guid:D63FDDA24CE9FDAE3D0BBC94121A69B8 BaseClass:/Game/Lights/BP_Level2_Lights_Button.BP_Level2_Lights_Button_C NativeClass:/Script/Engine.Actor Name:BP_Level2_Lights_Button_C_UAID_2CF05DA1824116E301_1903483759 Label:BP_Level2_Lights_Button6 SpatiallyLoaded:1 Bounds:IsValid=true, Min=(X=5585.594 Y=1990.000 Z=0.777), Max=(X=5785.594 Y=2190.000 Z=20.777) RuntimeGrid:None EditorOnly:0 RuntimeOnly:0 HLODRelevant:1 ListedInSceneOutliner:1 IsMainWorldOnly:0 FolderPath:Lights FolderGuid:32DFDA6E46BE433DC92F9C866681F8E6
 |   |   |   |- Guid:DBE3FBA4438083745EB987BB6969CB30 BaseClass:/Game/Lights/BP_Level2_Lights_Button.BP_Level2_Lights_Button_C NativeClass:/Script/Engine.Actor Name:BP_Level2_Lights_Button_C_UAID_2CF05DA1824116E301_1904832760 Label:BP_Level2_Lights_Button7 SpatiallyLoaded:1 Bounds:IsValid=true, Min=(X=5300.000 Y=1400.000 Z=0.419), Max=(X=5500.000 Y=1600.000 Z=20.419) RuntimeGrid:None EditorOnly:0 RuntimeOnly:0 HLODRelevant:1 ListedInSceneOutliner:1 IsMainWorldOnly:0 FolderPath:Lights FolderGuid:32DFDA6E46BE433DC92F9C866681F8E6
 |   |   |   |- Guid:DFE39EDB46A6FE5A286B47B6C42C5BBD BaseClass:/Game/Lights/BP_Level2_Lights_Button.BP_Level2_Lights_Button_C NativeClass:/Script/Engine.Actor Name:BP_Level2_Lights_Button_C_UAID_2CF05DA1824116E301_1901563758 Label:BP_Level2_Lights_Button5 SpatiallyLoaded:1 Bounds:IsValid=true, Min=(X=5585.594 Y=1700.000 Z=0.777), Max=(X=5785.594 Y=1900.000 Z=20.777) RuntimeGrid:None EditorOnly:0 RuntimeOnly:0 HLODRelevant:1 ListedInSceneOutliner:1 IsMainWorldOnly:0 FolderPath:Lights FolderGuid:32DFDA6E46BE433DC92F9C866681F8E6
 |   |   |   |- Guid:F941539041A05512D5A683953F8FD136 BaseClass:/Game/Lights/BP_Level2_Lights_Button.BP_Level2_Lights_Button_C NativeClass:/Script/Engine.Actor Name:BP_Level2_Lights_Button_C_UAID_2CF05DA1824116E301_1899080757 Label:BP_Level2_Lights_Button4 SpatiallyLoaded:1 Bounds:IsValid=true, Min=(X=5595.898 Y=1400.000 Z=-2.696), Max=(X=5795.898 Y=1600.000 Z=17.304) RuntimeGrid:None EditorOnly:0 RuntimeOnly:0 HLODRelevant:1 ListedInSceneOutliner:1 IsMainWorldOnly:0 FolderPath:Lights FolderGuid:32DFDA6E46BE433DC92F9C866681F8E6
 |   |   |- [+] [  4]
 |   |   |   |- Guid:2FB58999456391D349DC0F86DAC136ED BaseClass: NativeClass:/Script/Engine.SkyLight Name:SkyLight_1 Label:SkyLight SpatiallyLoaded:0 Bounds:IsValid=true, Min=(X=0.000 Y=0.000 Z=690.000), Max=(X=0.000 Y=0.000 Z=690.000) RuntimeGrid:None EditorOnly:0 RuntimeOnly:0 HLODRelevant:0 ListedInSceneOutliner:1 IsMainWorldOnly:0 FolderPath:Lighting FolderGuid:963EC3EB4002CCE9759E2EBA541A873A
 |   |   |- [+] [  5]
 |   |   |   |- Guid:316CF2A6494ACA4C0E4180A87D36AB8F BaseClass: NativeClass:/Script/Engine.ExponentialHeightFog Name:ExponentialHeightFog_0 Label:ExponentialHeightFog SpatiallyLoaded:0 Bounds:IsValid=true, Min=(X=-5600.000 Y=-50.000 Z=-6850.000), Max=(X=-5600.000 Y=-50.000 Z=-6850.000) RuntimeGrid:None EditorOnly:0 RuntimeOnly:0 HLODRelevant:0 ListedInSceneOutliner:1 IsMainWorldOnly:0 FolderPath:Lighting FolderGuid:963EC3EB4002CCE9759E2EBA541A873A
 |   |   |- [+] [  6]
 |   |   |   |- Guid:3A00AA1C422CE54C0BDB60BAF471BFBB BaseClass: NativeClass:/Script/Engine.PlayerStart Name:PlayerStart_0 Label:PlayerStart SpatiallyLoaded:0 Bounds:IsValid=true, Min=(X=8289.198 Y=646.592 Z=218.269), Max=(X=8369.198 Y=726.592 Z=402.269) RuntimeGrid:None EditorOnly:0 RuntimeOnly:0 HLODRelevant:0 ListedInSceneOutliner:1 IsMainWorldOnly:0
 |   |   |- [+] [  7]
 |   |   |   |- Guid:3B1D7DEB42016B12FE23CF86D2BF15A8 BaseClass: NativeClass:/Script/Engine.Actor Name:Actor_UAID_2CF05DA182410FE401_1852848579 Label:Actor SpatiallyLoaded:1 Bounds:IsValid=true, Min=(X=1770.000 Y=290.000 Z=80.000), Max=(X=3140.000 Y=3260.000 Z=190.000) RuntimeGrid:None EditorOnly:0 RuntimeOnly:0 HLODRelevant:0 ListedInSceneOutliner:1 IsMainWorldOnly:0
 |   |   |- [+] [  8]
 |   |   |   |- Guid:4D3BE93F4146AAAC8BBE79999D96D57F BaseClass: NativeClass:/Script/Engine.VolumetricCloud Name:VolumetricCloud_0 Label:VolumetricCloud SpatiallyLoaded:0 Bounds:IsValid=true, Min=(X=0.000 Y=0.000 Z=820.000), Max=(X=0.000 Y=0.000 Z=820.000) RuntimeGrid:None EditorOnly:0 RuntimeOnly:0 HLODRelevant:0 ListedInSceneOutliner:1 IsMainWorldOnly:0 FolderPath:Lighting FolderGuid:963EC3EB4002CCE9759E2EBA541A873A
 |   |   |- [+] [  9]
 |   |   |   |- Guid:4E0776D848878672550C079642D0B44C BaseClass: NativeClass:/Script/Engine.StaticMeshActor Name:StaticMeshActor_UAID_5081404E096030E601_1383763487 Label:SkeeBallMachine SpatiallyLoaded:1 Bounds:IsValid=true, Min=(X=8200.000 Y=100.000 Z=-0.180), Max=(X=8434.050 Y=1340.000 Z=630.000) RuntimeGrid:None EditorOnly:0 RuntimeOnly:0 HLODRelevant:0 ListedInSceneOutliner:1 IsMainWorldOnly:0 FolderPath:Level 3 FolderGuid:5F7442D74F95AEDED2444EB056CB5A78
 |   |   |- [+] [ 10]
 |   |   |   |- Guid:5B97F4A64FB21F77EFC44386BF705B4C BaseClass: NativeClass:/Script/Engine.TextRenderActor Name:TextRenderActor_1 Label:TextRenderActor SpatiallyLoaded:1 Bounds:IsValid=true, Min=(X=-0.100 Y=1100.000 Z=65.013), Max=(X=-0.100 Y=2392.308 Z=215.013) RuntimeGrid:None EditorOnly:0 RuntimeOnly:0 HLODRelevant:0 ListedInSceneOutliner:1 IsMainWorldOnly:0
 |   |   |- [+] [ 11]
 |   |   |   |- Guid:6ABA415F42B3A296E7D513978C50D4CB BaseClass: NativeClass:/Script/Engine.StaticMeshActor Name:StaticMeshActor_UAID_5081404E096077E601_2133040984 Label:BallBin SpatiallyLoaded:1 Bounds:IsValid=true, Min=(X=8032.632 Y=1213.255 Z=-25.000), Max=(X=8365.000 Y=1725.000 Z=265.000) RuntimeGrid:None EditorOnly:0 RuntimeOnly:0 HLODRelevant:1 ListedInSceneOutliner:1 IsMainWorldOnly:0 FolderPath:Level 3 FolderGuid:5F7442D74F95AEDED2444EB056CB5A78
 |   |   |- [+] [ 12]
 |   |   |   |- Guid:6BAF4DDD444C60371492D3919DB42C97 BaseClass: NativeClass:/Script/Engine.WorldDataLayers Name:WorldDataLayers Label:WorldDataLayers SpatiallyLoaded:0 Bounds:IsValid=true, Min=(X=0.000 Y=0.000 Z=0.000), Max=(X=0.000 Y=0.000 Z=0.000) RuntimeGrid:None EditorOnly:0 RuntimeOnly:0 HLODRelevant:0 ListedInSceneOutliner:1 IsMainWorldOnly:1
 |   |   |- [+] [ 13]
 |   |   |   |- Guid:9AC9A6034A361E978907DCB6306C26D1 BaseClass:/Game/3D_Objects/ElectricBox/FbxScene_electricbox.FbxScene_electricbox_C NativeClass:/Script/Engine.Actor Name:FbxScene_electricbox_C_UAID_2CF05DA182410EE401_2086344401 Label:FbxScene_electricbox SpatiallyLoaded:1 Bounds:IsValid=true, Min=(X=2951.985 Y=94.272 Z=170.671), Max=(X=3043.775 Y=184.272 Z=260.671) RuntimeGrid:None EditorOnly:0 RuntimeOnly:0 HLODRelevant:1 ListedInSceneOutliner:1 IsMainWorldOnly:0
 |   |   |- [+] [ 14]
 |   |   |   |- Guid:A56216954B2165CF0F35A886B537D536 BaseClass: NativeClass:/Script/Engine.StaticMeshActor Name:StaticMeshActor_0 Label:SM_Cube5 SpatiallyLoaded:1 Bounds:IsValid=true, Min=(X=-0.000 Y=100.000 Z=0.000), Max=(X=100.000 Y=3400.000 Z=400.000) RuntimeGrid:None EditorOnly:0 RuntimeOnly:0 HLODRelevant:1 ListedInSceneOutliner:1 IsMainWorldOnly:0 FolderPath:Playground FolderGuid:C73F09FC4215536B1DCE2A9E0A830C70
 |   |   |- [+] [ 15]
 |   |   |   |- Guid:B785ED2844B84CFB91E7F39FE661CD99 BaseClass: NativeClass:/Script/Engine.DirectionalLight Name:DirectionalLight_0 Label:DirectionalLight SpatiallyLoaded:0 Bounds:IsValid=true, Min=(X=-1048576.000 Y=-1048576.000 Z=-1048576.000), Max=(X=1048576.000 Y=1048576.000 Z=1048576.000) RuntimeGrid:None EditorOnly:0 RuntimeOnly:0 HLODRelevant:0 ListedInSceneOutliner:1 IsMainWorldOnly:0 FolderPath:Lighting FolderGuid:963EC3EB4002CCE9759E2EBA541A873A
 |   |   |- [+] [ 16]
 |   |   |   |- Guid:BC08B79C4EA3C961CFF75EBBE83B367D BaseClass: NativeClass:/Script/Engine.StaticMeshActor Name:StaticMeshActor_5 Label:SM_Cube2 SpatiallyLoaded:1 Bounds:IsValid=true, Min=(X=0.000 Y=0.000 Z=0.000), Max=(X=10000.000 Y=100.000 Z=400.000) RuntimeGrid:None EditorOnly:0 RuntimeOnly:0 HLODRelevant:1 ListedInSceneOutliner:1 IsMainWorldOnly:0 FolderPath:Playground FolderGuid:C73F09FC4215536B1DCE2A9E0A830C70
 |   |   |- [+] [ 17]
 |   |   |   |- Guid:CCFF262C46EEFFDF319E7F9539CE697E BaseClass: NativeClass:/Script/Engine.SkyAtmosphere Name:SkyAtmosphere_0 Label:SkyAtmosphere SpatiallyLoaded:0 Bounds:IsValid=true, Min=(X=0.000 Y=0.000 Z=1020.000), Max=(X=0.000 Y=0.000 Z=1020.000) RuntimeGrid:None EditorOnly:0 RuntimeOnly:0 HLODRelevant:0 ListedInSceneOutliner:1 IsMainWorldOnly:0 FolderPath:Lighting FolderGuid:963EC3EB4002CCE9759E2EBA541A873A
 |   |   |- [+] [ 18]
 |   |   |   |- Guid:D55F06FB40ACB507FA3DC8B4134A4070 BaseClass: NativeClass:/Script/Engine.StaticMeshActor Name:StaticMeshActor_UAID_5081404E096036E601_2119355544 Label:Sphere SpatiallyLoaded:1 Bounds:IsValid=true, Min=(X=8309.560 Y=232.763 Z=274.140), Max=(X=8319.675 Y=242.897 Z=284.188) RuntimeGrid:None EditorOnly:0 RuntimeOnly:0 HLODRelevant:0 ListedInSceneOutliner:1 IsMainWorldOnly:0 FolderPath:Level 3 FolderGuid:5F7442D74F95AEDED2444EB056CB5A78
 |   |   |- [+] [ 19]
 |   |   |   |- Guid:EC4E0C944CE6AC6E784BC6BB2916EA13 BaseClass: NativeClass:/Script/Engine.StaticMeshActor Name:StaticMeshActor_UAID_A4AE111137DC5EFB00_1110535423 Label:SM_SkySphere SpatiallyLoaded:0 Bounds:IsValid=true, Min=(X=-1638400.000 Y=-1638400.000 Z=-1638400.000), Max=(X=1638400.000 Y=1638400.000 Z=1638400.000) RuntimeGrid:None EditorOnly:0 RuntimeOnly:0 HLODRelevant:1 ListedInSceneOutliner:1 IsMainWorldOnly:0 FolderPath:Lighting FolderGuid:963EC3EB4002CCE9759E2EBA541A873A
 |   |   |- [+] [ 20]
 |   |   |   |- Guid:F1924B8D48954B30891B2DB6A694F9CC BaseClass: NativeClass:/Script/Engine.StaticMeshActor Name:StaticMeshActor_1 Label:SM_Cube SpatiallyLoaded:1 Bounds:IsValid=true, Min=(X=0.000 Y=0.000 Z=-50.000), Max=(X=10000.000 Y=3500.000 Z=0.000) RuntimeGrid:None EditorOnly:0 RuntimeOnly:0 HLODRelevant:1 ListedInSceneOutliner:1 IsMainWorldOnly:0 FolderPath:Playground FolderGuid:C73F09FC4215536B1DCE2A9E0A830C70
 |   |   |- [+] [ 21]
 |   |   |   |- Guid:F5E3FEB3450C49844FD93DA8E083C8AD BaseClass: NativeClass:/Script/Engine.PostProcessVolume Name:PostProcessVolume_0 Label:PostProcessVolume SpatiallyLoaded:0 Bounds:IsValid=true, Min=(X=0.000 Y=0.000 Z=400.000), Max=(X=200.000 Y=200.000 Z=600.000) RuntimeGrid:None EditorOnly:0 RuntimeOnly:0 HLODRelevant:0 ListedInSceneOutliner:1 IsMainWorldOnly:0 FolderPath:Lighting FolderGuid:963EC3EB4002CCE9759E2EBA541A873A
 |   |   |- [+] [ 22]
 |   |   |   |- Guid:FF698C67459ADB4982D7759C0905EE9F BaseClass: NativeClass:/Script/Engine.StaticMeshActor Name:StaticMeshActor_6 Label:SM_Cube3 SpatiallyLoaded:1 Bounds:IsValid=true, Min=(X=0.000 Y=3400.000 Z=0.000), Max=(X=10000.000 Y=3500.000 Z=400.000) RuntimeGrid:None EditorOnly:0 RuntimeOnly:0 HLODRelevant:1 ListedInSceneOutliner:1 IsMainWorldOnly:0 FolderPath:Playground FolderGuid:C73F09FC4215536B1DCE2A9E0A830C70
 |- ContainerInstances:
 |- [+] MainContainer:
 |   |-        ID: 00000000000000000000000000000000
 |   |-  ParentID: 00000000000000000000000000000000
 |   |-    Bounds: IsValid=false, Min=(X=0.000 Y=0.000 Z=0.000), Max=(X=0.000 Y=0.000 Z=0.000)
 |   |- Transform: 0.000000,0.000000,0.000000|0.000000,0.000000,-0.000000|1.000000,1.000000,1.000000
 |   |- Container: /Game/ThirdPerson/Maps/ThirdPersonMap
----------------------------------------------------------------------------------------------------------------
ThirdPersonMap - Persistent Level
----------------------------------------------------------------------------------------------------------------
[+] Content of ThirdPersonMap Persistent Level
 |- Always loaded Actor Count: 40 
 |- Actor Path: /Game/ThirdPerson/Maps/ThirdPersonMap.ThirdPersonMap:PersistentLevel.AbstractNavData-Default
 |- Actor Package: /Game/ThirdPerson/Maps/ThirdPersonMap
 |- Actor Path: /Game/ThirdPerson/Maps/ThirdPersonMap.ThirdPersonMap:PersistentLevel.Actor_UAID_2CF05DA182410FE401_1852848579
 |- Actor Package: /Game/__ExternalActors__/ThirdPerson/Maps/ThirdPersonMap/2/EK/CHSVDZP1M2EGDOLU4Q5JQQ
 |- Actor Path: /Game/ThirdPerson/Maps/ThirdPersonMap.ThirdPersonMap:PersistentLevel.BP_Level2_Lights_Brain_C_UAID_2CF05DA1824117E301_1405393939
 |- Actor Package: /Game/__ExternalActors__/ThirdPerson/Maps/ThirdPersonMap/8/AH/MKTD1YFTCC5COSHL7LYG33
 |- Actor Path: /Game/ThirdPerson/Maps/ThirdPersonMap.ThirdPersonMap:PersistentLevel.BP_Level2_Lights_Button_C_UAID_2CF05DA1824116E301_1847523754
 |- Actor Package: /Game/__ExternalActors__/ThirdPerson/Maps/ThirdPersonMap/7/ZK/WIO61IF05HGC87BMMOOB5A
 |- Actor Path: /Game/ThirdPerson/Maps/ThirdPersonMap.ThirdPersonMap:PersistentLevel.BP_Level2_Lights_Button_C_UAID_2CF05DA1824116E301_1892372755
 |- Actor Package: /Game/__ExternalActors__/ThirdPerson/Maps/ThirdPersonMap/D/45/RH57D585Z0H4VKUPNHOOXA
 |- Actor Path: /Game/ThirdPerson/Maps/ThirdPersonMap.ThirdPersonMap:PersistentLevel.BP_Level2_Lights_Button_C_UAID_2CF05DA1824116E301_1895567756
 |- Actor Package: /Game/__ExternalActors__/ThirdPerson/Maps/ThirdPersonMap/8/CW/EOE4BNTRBONYQ1SIY7C18H
 |- Actor Path: /Game/ThirdPerson/Maps/ThirdPersonMap.ThirdPersonMap:PersistentLevel.BP_Level2_Lights_Button_C_UAID_2CF05DA1824116E301_1899080757
 |- Actor Package: /Game/__ExternalActors__/ThirdPerson/Maps/ThirdPersonMap/6/9O/D6X56K4ISI95MWA6EKBLK1
 |- Actor Path: /Game/ThirdPerson/Maps/ThirdPersonMap.ThirdPersonMap:PersistentLevel.BP_Level2_Lights_Button_C_UAID_2CF05DA1824116E301_1901563758
 |- Actor Package: /Game/__ExternalActors__/ThirdPerson/Maps/ThirdPersonMap/9/3T/U5R8RL7IGTDBFX68SGCMFG
 |- Actor Path: /Game/ThirdPerson/Maps/ThirdPersonMap.ThirdPersonMap:PersistentLevel.BP_Level2_Lights_Button_C_UAID_2CF05DA1824116E301_1903483759
 |- Actor Package: /Game/__ExternalActors__/ThirdPerson/Maps/ThirdPersonMap/D/W5/XU3XJSKI1GM8MQJ29JUB22
 |- Actor Path: /Game/ThirdPerson/Maps/ThirdPersonMap.ThirdPersonMap:PersistentLevel.BP_Level2_Lights_Button_C_UAID_2CF05DA1824116E301_1904832760
 |- Actor Package: /Game/__ExternalActors__/ThirdPerson/Maps/ThirdPersonMap/1/JG/O0OBYV47F60RRZU1K7P8VD
 |- Actor Path: /Game/ThirdPerson/Maps/ThirdPersonMap.ThirdPersonMap:PersistentLevel.BP_Level2_Lights_Button_C_UAID_2CF05DA1824116E301_1906267761
 |- Actor Package: /Game/__ExternalActors__/ThirdPerson/Maps/ThirdPersonMap/5/HJ/9ZDYS2ORVAB811XD3ES52G
 |- Actor Path: /Game/ThirdPerson/Maps/ThirdPersonMap.ThirdPersonMap:PersistentLevel.BP_Level2_Lights_Button_C_UAID_2CF05DA1824116E301_1908556762
 |- Actor Package: /Game/__ExternalActors__/ThirdPerson/Maps/ThirdPersonMap/C/YW/AV7S92IN0H9K5GXYX50O3K
 |- Actor Path: /Game/ThirdPerson/Maps/ThirdPersonMap.ThirdPersonMap:PersistentLevel.Brush_0
 |- Actor Package: /Game/ThirdPerson/Maps/ThirdPersonMap
 |- Actor Path: /Game/ThirdPerson/Maps/ThirdPersonMap.ThirdPersonMap:PersistentLevel.DefaultPhysicsVolume_0
 |- Actor Package: /Game/ThirdPerson/Maps/ThirdPersonMap
 |- Actor Path: /Game/ThirdPerson/Maps/ThirdPersonMap.ThirdPersonMap:PersistentLevel.DirectionalLight_0
 |- Actor Package: /Game/__ExternalActors__/ThirdPerson/Maps/ThirdPersonMap/5/R1/TS5OQ5CRUWFZYL1ZQ7I416
 |- Actor Path: /Game/ThirdPerson/Maps/ThirdPersonMap.ThirdPersonMap:PersistentLevel.ElectricWater_C_UAID_2CF05DA182410DE401_1135872223
 |- Actor Package: /Game/__ExternalActors__/ThirdPerson/Maps/ThirdPersonMap/D/ZD/LPIRUEEMWMEZWUKSCXPQPY
 |- Actor Path: /Game/ThirdPerson/Maps/ThirdPersonMap.ThirdPersonMap:PersistentLevel.ExponentialHeightFog_0
 |- Actor Package: /Game/__ExternalActors__/ThirdPerson/Maps/ThirdPersonMap/6/J7/N10XDC9G27EMLS5AGZ6AVV
 |- Actor Path: /Game/ThirdPerson/Maps/ThirdPersonMap.ThirdPersonMap:PersistentLevel.FbxScene_electricbox_C_UAID_2CF05DA182410EE401_2086344401
 |- Actor Package: /Game/__ExternalActors__/ThirdPerson/Maps/ThirdPersonMap/F/2K/A7BOK5P2BD7NC34Q9PJJ3Z
 |- Actor Path: /Game/ThirdPerson/Maps/ThirdPersonMap.ThirdPersonMap:PersistentLevel.FbxScene_wrench_C_UAID_2CF05DA182410FE401_1194948578
 |- Actor Package: /Game/__ExternalActors__/ThirdPerson/Maps/ThirdPersonMap/7/FL/26YF7VXVNRKRNUSQZYOZUN
 |- Actor Path: /Game/ThirdPerson/Maps/ThirdPersonMap.ThirdPersonMap:PersistentLevel.GameplayDebuggerPlayerManager_0
 |- Actor Package: /Game/ThirdPerson/Maps/ThirdPersonMap
 |- Actor Path: /Game/ThirdPerson/Maps/ThirdPersonMap.ThirdPersonMap:PersistentLevel.PlayerStart_0
 |- Actor Package: /Game/__ExternalActors__/ThirdPerson/Maps/ThirdPersonMap/D/DE/SWSI13675DVYIZ0N4NF7Y3
 |- Actor Path: /Game/ThirdPerson/Maps/ThirdPersonMap.ThirdPersonMap:PersistentLevel.PostProcessVolume_0
 |- Actor Package: /Game/__ExternalActors__/ThirdPerson/Maps/ThirdPersonMap/1/AZ/A7GPT109Y6ZTTJD4A7TXER
 |- Actor Path: /Game/ThirdPerson/Maps/ThirdPersonMap.ThirdPersonMap:PersistentLevel.SkyAtmosphere_0
 |- Actor Package: /Game/__ExternalActors__/ThirdPerson/Maps/ThirdPersonMap/4/LN/30UBDLYFFA5ZR7U4W4L4GG
 |- Actor Path: /Game/ThirdPerson/Maps/ThirdPersonMap.ThirdPersonMap:PersistentLevel.SkyLight_1
 |- Actor Package: /Game/__ExternalActors__/ThirdPerson/Maps/ThirdPersonMap/8/S1/DXUWD12MD3HRWVVXX076BY
 |- Actor Path: /Game/ThirdPerson/Maps/ThirdPersonMap.ThirdPersonMap:PersistentLevel.StaticMeshActor_0
 |- Actor Package: /Game/__ExternalActors__/ThirdPerson/Maps/ThirdPersonMap/A/MS/MRHJREJ6H7USQYWF1KO8F6
 |- Actor Path: /Game/ThirdPerson/Maps/ThirdPersonMap.ThirdPersonMap:PersistentLevel.StaticMeshActor_1
 |- Actor Package: /Game/__ExternalActors__/ThirdPerson/Maps/ThirdPersonMap/6/YO/NG2R9BPZVA7ZDN0Z4VSTG6
 |- Actor Path: /Game/ThirdPerson/Maps/ThirdPersonMap.ThirdPersonMap:PersistentLevel.StaticMeshActor_5
 |- Actor Package: /Game/__ExternalActors__/ThirdPerson/Maps/ThirdPersonMap/C/QF/BY1DA5CRGQSAMOTK8RA8KR
 |- Actor Path: /Game/ThirdPerson/Maps/ThirdPersonMap.ThirdPersonMap:PersistentLevel.StaticMeshActor_6
 |- Actor Package: /Game/__ExternalActors__/ThirdPerson/Maps/ThirdPersonMap/D/0G/JNKFA4X9LRMSF343ESPF6Q
 |- Actor Path: /Game/ThirdPerson/Maps/ThirdPersonMap.ThirdPersonMap:PersistentLevel.StaticMeshActor_UAID_2CF05DA18241F7E301_2031435343
 |- Actor Package: /Game/__ExternalActors__/ThirdPerson/Maps/ThirdPersonMap/A/AX/3BU2BF1WQFAMIC1RFWV857
 |- Actor Path: /Game/ThirdPerson/Maps/ThirdPersonMap.ThirdPersonMap:PersistentLevel.StaticMeshActor_UAID_2CF05DA18241F7E301_2055355344
 |- Actor Package: /Game/__ExternalActors__/ThirdPerson/Maps/ThirdPersonMap/1/LY/L9L1401GYR4DINIWBVKG5N
 |- Actor Path: /Game/ThirdPerson/Maps/ThirdPersonMap.ThirdPersonMap:PersistentLevel.StaticMeshActor_UAID_5081404E096030E601_1383763487
 |- Actor Package: /Game/__ExternalActors__/ThirdPerson/Maps/ThirdPersonMap/5/U9/X5TV3DTDLG0YKV8Y3U2D59
 |- Actor Path: /Game/ThirdPerson/Maps/ThirdPersonMap.ThirdPersonMap:PersistentLevel.StaticMeshActor_UAID_5081404E096036E601_2119355544
 |- Actor Package: /Game/__ExternalActors__/ThirdPerson/Maps/ThirdPersonMap/0/ZZ/J8MR5395RG4SK9RUR361IO
 |- Actor Path: /Game/ThirdPerson/Maps/ThirdPersonMap.ThirdPersonMap:PersistentLevel.StaticMeshActor_UAID_5081404E096077E601_2133040984
 |- Actor Package: /Game/__ExternalActors__/ThirdPerson/Maps/ThirdPersonMap/1/D6/78JWOKTVAS9CUAD4TSR7G3
 |- Actor Path: /Game/ThirdPerson/Maps/ThirdPersonMap.ThirdPersonMap:PersistentLevel.StaticMeshActor_UAID_A4AE111137DC5EFB00_1110535423
 |- Actor Package: /Game/__ExternalActors__/ThirdPerson/Maps/ThirdPersonMap/4/PN/2QISIGK5DJNQ05US8O8FXW
 |- Actor Path: /Game/ThirdPerson/Maps/ThirdPersonMap.ThirdPersonMap:PersistentLevel.TextRenderActor_1
 |- Actor Package: /Game/__ExternalActors__/ThirdPerson/Maps/ThirdPersonMap/1/WU/NB37RT5Q32Z8MJWD8BD2SO
 |- Actor Path: /Game/ThirdPerson/Maps/ThirdPersonMap.ThirdPersonMap:PersistentLevel.ThirdPersonExampleMap_C_0
 |- Actor Package: /Game/ThirdPerson/Maps/ThirdPersonMap
 |- Actor Path: /Game/ThirdPerson/Maps/ThirdPersonMap.ThirdPersonMap:PersistentLevel.VolumetricCloud_0
 |- Actor Package: /Game/__ExternalActors__/ThirdPerson/Maps/ThirdPersonMap/3/EY/87SHEJN5UBEAN2K5OV1G6R
 |- Actor Path: /Game/ThirdPerson/Maps/ThirdPersonMap.ThirdPersonMap:PersistentLevel.WorldDataLayers
 |- Actor Package: /Game/__ExternalActors__/ThirdPerson/Maps/ThirdPersonMap/0/43/HYQWORMY4JDQ5X3OKZXFLC
 |- Actor Path: /Game/ThirdPerson/Maps/ThirdPersonMap.ThirdPersonMap:PersistentLevel.WorldInfo_0
 |- Actor Package: /Game/ThirdPerson/Maps/ThirdPersonMap
 |- Actor Path: /Game/ThirdPerson/Maps/ThirdPersonMap.ThirdPersonMap:PersistentLevel.WorldPartitionMiniMap_0
 |- Actor Package: /Game/__ExternalActors__/ThirdPerson/Maps/ThirdPersonMap/E/FR/LBG6LPN5JCL3FMVSI2CK6R

----------------------------------------------------------------------------------------------------------------
ThirdPersonMap - Runtime Spatial Hash - Streaming Grid - MainGrid
----------------------------------------------------------------------------------------------------------------
            Origin: X=0.000 Y=0.000 Z=0.000
         Cell Size: 12800
      World Bounds: IsValid=false, Min=(X=0.000 Y=0.000 Z=0.000), Max=(X=0.000 Y=0.000 Z=0.000)
     Loading Range: 25600.00
Block Slow Loading: No
 ClientOnlyVisible: No
            Origin: X=0.000 Y=0.000 Z=0.000

[+] Grid Levels: 1
 |- Level  0: Cell Count    0 | Cell Size   12800 | Actor Count    0 (0.0%)

[+] Content of Grid Level 0

